<?xml version="1.0" encoding="UTF-8"?>
<!-- Generated by org.testng.reporters.JUnitReportReporter -->
<testsuite hostname="rnc-Ideapad-Z570" failures="0" tests="2" name="test_Runner.Driver_Test" time="8.554" errors="0" timestamp="2023-05-29T08:51:50 IST" skipped="0">
  <testcase classname="test_Runner.Driver_Test" name="login" time="4.882"/>
  <system-out>
    <![CDATA[Fail]]>
  </system-out>
  <testcase classname="test_Runner.Driver_Test" name="logout" time="3.672"/>
  <system-out>
    <![CDATA[Fail]]>
  </system-out>
</testsuite> <!-- test_Runner.Driver_Test -->
