<?xml version="1.0" encoding="UTF-8"?>
<!-- Generated by org.testng.reporters.JUnitReportReporter -->
<testsuite hostname="rnc-Ideapad-Z570" failures="0" tests="1" name="runner.Runner" time="0.000" errors="0" timestamp="2023-05-27T10:22:57 IST" skipped="1">
  <testcase classname="runner.Runner" name="searchTest" time="0.000">
    <skipped/>
  </testcase> <!-- searchTest -->
  <system-out/>
</testsuite> <!-- runner.Runner -->
