<?xml version="1.0" encoding="UTF-8"?>
<!-- Generated by org.testng.reporters.JUnitReportReporter -->
<testsuite hostname="rnc-Ideapad-Z570" failures="0" tests="3" name="test_Runner.Driver_Test" time="34.032" errors="0" timestamp="2023-05-30T11:29:13 IST" skipped="0">
  <testcase classname="test_Runner.Driver_Test" name="login" time="7.135"/>
  <system-out>
    <![CDATA[login status :: true]]>
  </system-out>
  <testcase classname="test_Runner.Driver_Test" name="addUser" time="17.039"/>
  <system-out/>
  <testcase classname="test_Runner.Driver_Test" name="logout" time="9.858"/>
  <system-out>
    <![CDATA[logout status :: true]]>
  </system-out>
</testsuite> <!-- test_Runner.Driver_Test -->
