<?xml version="1.0" encoding="UTF-8"?>
<!-- Generated by org.testng.reporters.JUnitReportReporter -->
<testsuite hostname="rnc-Ideapad-Z570" failures="0" tests="2" name="test_Runner.Driver_Test" time="10.445" errors="0" timestamp="2023-05-29T09:28:10 IST" skipped="0">
  <testcase classname="test_Runner.Driver_Test" name="login" time="5.044"/>
  <system-out>
    <![CDATA[login status :: true]]>
  </system-out>
  <testcase classname="test_Runner.Driver_Test" name="logout" time="5.401"/>
  <system-out>
    <![CDATA[logout status :: true]]>
  </system-out>
</testsuite> <!-- test_Runner.Driver_Test -->
