<?xml version="1.0" encoding="UTF-8"?>
<!-- Generated by org.testng.reporters.JUnitReportReporter -->
<testsuite hostname="rnc-Ideapad-Z570" failures="0" tests="3" name="test_Runner.Driver_Test" time="19.911" errors="0" timestamp="30 May 2023 05:44:17 GMT" skipped="0">
  <testcase classname="test_Runner.Driver_Test" name="login" time="4.902"/>
  <testcase classname="test_Runner.Driver_Test" name="addUser" time="13.486"/>
  <testcase classname="test_Runner.Driver_Test" name="logout" time="1.523"/>
</testsuite> <!-- test_Runner.Driver_Test -->
