<?xml version="1.0" encoding="UTF-8"?>
<!-- Generated by org.testng.reporters.JUnitReportReporter -->
<testsuite hostname="rnc-Ideapad-Z570" failures="0" tests="3" name="test_Runner.Driver_Test" time="30.946" errors="0" timestamp="2023-05-28T04:08:55 IST" skipped="0">
  <testcase classname="test_Runner.Driver_Test" name="test1" time="15.188"/>
  <system-out/>
  <testcase classname="test_Runner.Driver_Test" name="test1" time="14.603"/>
  <system-out/>
  <testcase classname="test_Runner.Driver_Test" name="test2" time="1.155"/>
  <system-out/>
</testsuite> <!-- test_Runner.Driver_Test -->
