<?xml version="1.0" encoding="UTF-8"?>
<!-- Generated by org.testng.reporters.JUnitReportReporter -->
<testsuite hostname="rnc-Ideapad-Z570" failures="0" tests="3" name="test_Runner.Driver_Test" time="43.707" errors="0" timestamp="2023-05-28T13:54:01 IST" skipped="0">
  <testcase classname="test_Runner.Driver_Test" name="test1" time="25.411"/>
  <system-out/>
  <testcase classname="test_Runner.Driver_Test" name="test1" time="17.157"/>
  <system-out/>
  <testcase classname="test_Runner.Driver_Test" name="test2" time="1.139"/>
  <system-out/>
</testsuite> <!-- test_Runner.Driver_Test -->
