<?xml version="1.0" encoding="UTF-8"?>
<!-- Generated by org.testng.reporters.JUnitReportReporter -->
<testsuite hostname="rnc-Ideapad-Z570" failures="0" tests="1" name="common.Setup_Teardown" time="-1685224576.000" errors="1" timestamp="2023-05-28T03:25:02 IST" skipped="0">
  <testcase classname="common.Setup_Teardown" name="setup" time="-1685224576.000">
    <error message="
Parameter &#039;url&#039; is required by BeforeTest on method setup but has not been marked @Optional or defined
in /home/rnc/newSpace/ajit_framework_POM/testng.xml" type="org.testng.TestNGException">
      <![CDATA[org.testng.TestNGException: 
Parameter 'url' is required by BeforeTest on method setup but has not been marked @Optional or defined
in /home/rnc/newSpace/ajit_framework_POM/testng.xml
at org.testng.internal.Parameters.createParams(Parameters.java:270)
at org.testng.internal.Parameters.createParametersForMethod(Parameters.java:358)
at org.testng.internal.Parameters.createParameters(Parameters.java:700)
at org.testng.internal.Parameters.createConfigurationParameters(Parameters.java:168)
at org.testng.internal.ConfigInvoker.invokeConfigurations(ConfigInvoker.java:302)
at org.testng.TestRunner.invokeTestConfigurations(TestRunner.java:637)
at org.testng.TestRunner.beforeRun(TestRunner.java:627)
at org.testng.TestRunner.run(TestRunner.java:589)
at org.testng.SuiteRunner.runTest(SuiteRunner.java:377)
at org.testng.SuiteRunner.runSequentially(SuiteRunner.java:371)
at org.testng.SuiteRunner.privateRun(SuiteRunner.java:332)
at org.testng.SuiteRunner.run(SuiteRunner.java:276)
at org.testng.SuiteRunnerWorker.runSuite(SuiteRunnerWorker.java:53)
at org.testng.SuiteRunnerWorker.run(SuiteRunnerWorker.java:96)
at org.testng.TestNG.runSuitesSequentially(TestNG.java:1212)
at org.testng.TestNG.runSuitesLocally(TestNG.java:1134)
at org.testng.TestNG.runSuites(TestNG.java:1063)
at org.testng.TestNG.run(TestNG.java:1031)
at org.testng.remote.AbstractRemoteTestNG.run(AbstractRemoteTestNG.java:115)
at org.testng.remote.RemoteTestNG.initAndRun(RemoteTestNG.java:251)
at org.testng.remote.RemoteTestNG.main(RemoteTestNG.java:77)
]]>
    </error>
  </testcase> <!-- setup -->
  <system-out/>
</testsuite> <!-- common.Setup_Teardown -->
